Base path: 'D:/2020.2.3f1/Editor/Data', plugins path 'D:/2020.2.3f1/Editor/Data/PlaybackEngines'
Cmd: initializeCompiler
Cmd: initializeCompiler
Cmd: initializeCompiler
Cmd: compileComputeKernel
  api=4 insize=32742 outsize=2137 ok=1
Cmd: compileComputeKernel
  api=4 insize=31982 outsize=1616 ok=1
Cmd: compileComputeKernel
  api=4 insize=31982 outsize=1465 ok=1
Cmd: compileComputeKernel
  error: 1 plat 4 at (1)/Library/PackageCache/com.unity.barracuda@1.3.1-preview/Barracuda/Runtime/Core/Resources/Barracuda/Conv2d.cginc(756): signed/unsigned mismatch, unsigned assumed
  api=4 insize=42727 outsize=9765 ok=1
Cmd: compileComputeKernel
  api=4 insize=35941 outsize=1572 ok=1
Cmd: compileComputeKernel
  api=4 insize=44934 outsize=25006 ok=1
Cmd: initializeCompiler
Cmd: compileComputeKernel
  api=4 insize=24579 outsize=5733 ok=1
Cmd: shutdown
