Using pre-set license
Built from '2020.2/staging' branch; Version is '2020.2.3f1 (8ff31bc5bf5b) revision 9433883'; Using compiler version '192528614'; Build Type 'Release'
OS: 'Windows 10 Home Single Language; OS build 18363.1440; Version 1909; 64bit' Language: 'ru' Physical Memory: 16310 MB
BatchMode: 1, IsHumanControllingUs: 0, StartBugReporterOnCrash: 0, Is64bit: 1, IsPro: 0

 COMMAND LINE ARGUMENTS:
D:\2020.2.3f1\Editor\Unity.exe
-adb2
-batchMode
-noUpm
-name
AssetImportWorker0
-projectPath
D:/Unity Projects/OHSHIT (1)
-logFile
Logs/AssetImportWorker0.log
-srvPort
52173
Successfully changed project path to: D:/Unity Projects/OHSHIT (1)
D:/Unity Projects/OHSHIT (1)
Using Asset Import Pipeline V2.
Refreshing native plugins compatible for Editor in 48.24 ms, found 1 plugins.
Preloading 0 native plugins for Editor in 0.00 ms.
Initialize engine version: 2020.2.3f1 (8ff31bc5bf5b)
[Subsystems] Discovering subsystems at path D:/2020.2.3f1/Editor/Data/Resources/UnitySubsystems
[Subsystems] Discovering subsystems at path D:/Unity Projects/OHSHIT (1)/Assets
GfxDevice: creating device client; threaded=0
Direct3D:
    Version:  Direct3D 11.0 [level 11.1]
    Renderer: Radeon (TM) RX 470 Graphics (ID=0x67df)
    Vendor:   
    VRAM:     4075 MB
    Driver:   27.20.1034.6
Initialize mono
Mono path[0] = 'D:/2020.2.3f1/Editor/Data/Managed'
Mono path[1] = 'D:/2020.2.3f1/Editor/Data/MonoBleedingEdge/lib/mono/unityjit'
Mono config path = 'D:/2020.2.3f1/Editor/Data/MonoBleedingEdge/etc'
Using monoOptions --debugger-agent=transport=dt_socket,embedding=1,server=y,suspend=n,address=127.0.0.1:56472
Begin MonoManager ReloadAssembly
Registering precompiled unity dll's ...
Register platform support module: D:/2020.2.3f1/Editor/Data/PlaybackEngines/WindowsStandaloneSupport/UnityEditor.WindowsStandalone.Extensions.dll
Registered in 0.001278 seconds.
Native extension for WindowsStandalone target not found
Refreshing native plugins compatible for Editor in 46.16 ms, found 1 plugins.
Preloading 0 native plugins for Editor in 0.00 ms.
Invoked RoslynAnalysisRunner static constructor.
RoslynAnalysisRunner will not be running.
RoslynAnalysisRunner has terminated.
Mono: successfully reloaded assembly
- Completed reload, in  1.154 seconds
Platform modules already initialized, skipping
Registering precompiled user dll's ...
Registered in 0.003189 seconds.
Begin MonoManager ReloadAssembly
Native extension for WindowsStandalone target not found
Refreshing native plugins compatible for Editor in 47.15 ms, found 1 plugins.
Preloading 0 native plugins for Editor in 0.00 ms.
Invoked RoslynAnalysisRunner static constructor.
RoslynAnalysisRunner will not be running.
RoslynAnalysisRunner has terminated.
Mono: successfully reloaded assembly
- Completed reload, in  2.090 seconds
Platform modules already initialized, skipping
========================================================================
Worker process is ready to serve import requests
Launched and connected shader compiler UnityShaderCompiler.exe after 0.06 seconds
Refreshing native plugins compatible for Editor in 0.80 ms, found 1 plugins.
Preloading 0 native plugins for Editor in 0.00 ms.
Unloading 1681 Unused Serialized files (Serialized files now loaded: 0)
System memory in use before: 82.9 MB.
System memory in use after: 83.0 MB.

Unloading 22 unused Assets to reduce memory usage. Loaded Objects now: 2110.
Total: 2.334800 ms (FindLiveObjects: 0.185200 ms CreateObjectMapping: 0.076300 ms MarkObjects: 1.988400 ms  DeleteObjects: 0.083700 ms)

========================================================================
Received Import Request.
  path: Assets/Materials/checkpoint.mat
  artifactKey: Guid(b75022737867104498374b4c60c40c9b) Importer(815301076,1909f56bfc062723c751e8b465ee728b)
Start importing Assets/Materials/checkpoint.mat using Guid(b75022737867104498374b4c60c40c9b) Importer(815301076,1909f56bfc062723c751e8b465ee728b)  -> (artifact id: 'e576c4899fe9cdc4a38e65b179fb394e') in 0.129665 seconds
  Import took 0.132980 seconds .

========================================================================
Received Import Request.
  Time since last request: 0.000213 seconds.
  path: Assets/Prefabs/straightarea.prefab
  artifactKey: Guid(9142bb3ac1aa1e14f84a6f7516d692fc) Importer(815301076,1909f56bfc062723c751e8b465ee728b)
Start importing Assets/Prefabs/straightarea.prefab using Guid(9142bb3ac1aa1e14f84a6f7516d692fc) Importer(815301076,1909f56bfc062723c751e8b465ee728b)  -> (artifact id: '60f3d1bed84313b951f8eb6c4aea493a') in 0.072303 seconds
  Import took 0.075952 seconds .

========================================================================
Received Import Request.
  Time since last request: 0.000237 seconds.
  path: Assets/Prefabs/BusWithController.prefab
  artifactKey: Guid(7edfb168ac77296418f18d1c2b473ce3) Importer(815301076,1909f56bfc062723c751e8b465ee728b)
Start importing Assets/Prefabs/BusWithController.prefab using Guid(7edfb168ac77296418f18d1c2b473ce3) Importer(815301076,1909f56bfc062723c751e8b465ee728b)  -> (artifact id: '1e85b9b1ed7902c85ff61f3864889d53') in 0.027820 seconds
  Import took 0.031657 seconds .

========================================================================
Received Import Request.
  Time since last request: 0.000211 seconds.
  path: Assets/Prefabs/BigBus.prefab
  artifactKey: Guid(bb8960054826b8f4ca5b561cf9ee6745) Importer(815301076,1909f56bfc062723c751e8b465ee728b)
Start importing Assets/Prefabs/BigBus.prefab using Guid(bb8960054826b8f4ca5b561cf9ee6745) Importer(815301076,1909f56bfc062723c751e8b465ee728b)  -> (artifact id: '9e80ab9fdc12045d28126758a05c5e10') in 0.032828 seconds
  Import took 0.036624 seconds .

========================================================================
Received Import Request.
  Time since last request: 0.000221 seconds.
  path: Assets/Prefabs/turningleftarea.prefab
  artifactKey: Guid(c8cf2bb4dfccfec4d9626ad1de297ce6) Importer(815301076,1909f56bfc062723c751e8b465ee728b)
Start importing Assets/Prefabs/turningleftarea.prefab using Guid(c8cf2bb4dfccfec4d9626ad1de297ce6) Importer(815301076,1909f56bfc062723c751e8b465ee728b)  -> (artifact id: '6a2cd467fa99cdd9e6d421cea7e91416') in 0.032709 seconds
  Import took 0.036305 seconds .

========================================================================
Received Import Request.
  Time since last request: 0.000200 seconds.
  path: Assets/Prefabs/turningrightarea.prefab
  artifactKey: Guid(4ed3fadbdfbbb5841ae2c795c1b5fb3e) Importer(815301076,1909f56bfc062723c751e8b465ee728b)
Start importing Assets/Prefabs/turningrightarea.prefab using Guid(4ed3fadbdfbbb5841ae2c795c1b5fb3e) Importer(815301076,1909f56bfc062723c751e8b465ee728b)  -> (artifact id: 'd7f6392c78c752cac4f41ba45549009d') in 0.028762 seconds
  Import took 0.032345 seconds .

========================================================================
Received Import Request.
  Time since last request: 0.000196 seconds.
  path: Assets/Prefabs/BusWithoutAgent.prefab
  artifactKey: Guid(e224d796fd834524c92068204a7a43c3) Importer(815301076,1909f56bfc062723c751e8b465ee728b)
Start importing Assets/Prefabs/BusWithoutAgent.prefab using Guid(e224d796fd834524c92068204a7a43c3) Importer(815301076,1909f56bfc062723c751e8b465ee728b)  -> (artifact id: 'f3917e7cbbff4ca927b2764021337719') in 0.025318 seconds
  Import took 0.028786 seconds .

========================================================================
Received Import Request.
  Time since last request: 0.000220 seconds.
  path: Assets/Prefabs/TurningBusLeft.prefab
  artifactKey: Guid(b2ad87069dd6c0b47a246355815042fa) Importer(815301076,1909f56bfc062723c751e8b465ee728b)
Start importing Assets/Prefabs/TurningBusLeft.prefab using Guid(b2ad87069dd6c0b47a246355815042fa) Importer(815301076,1909f56bfc062723c751e8b465ee728b)  -> (artifact id: 'ba9304bff5d5b944ee1e9386034a100f') in 0.033131 seconds
  Import took 0.037019 seconds .

========================================================================
Received Import Request.
  Time since last request: 0.000244 seconds.
  path: Assets/Prefabs/SchoolBus.prefab
  artifactKey: Guid(91f99991ab323694ab87a181f6096616) Importer(815301076,1909f56bfc062723c751e8b465ee728b)
Start importing Assets/Prefabs/SchoolBus.prefab using Guid(91f99991ab323694ab87a181f6096616) Importer(815301076,1909f56bfc062723c751e8b465ee728b)  -> (artifact id: '2d7404043c83cec8320866130ad19770') in 0.025456 seconds
  Import took 0.029267 seconds .

========================================================================
Received Import Request.
  Time since last request: 0.000216 seconds.
  path: Assets/Prefabs/TurningBus.prefab
  artifactKey: Guid(def3b001815c89f4aaa744eae77d2f3e) Importer(815301076,1909f56bfc062723c751e8b465ee728b)
Start importing Assets/Prefabs/TurningBus.prefab using Guid(def3b001815c89f4aaa744eae77d2f3e) Importer(815301076,1909f56bfc062723c751e8b465ee728b)  -> (artifact id: '3bde3bd5c90fc06159e974907447322e') in 0.026531 seconds
  Import took 0.030183 seconds .

AssetImportWorkerClient::OnTransportError - code=2 error=End of file
